e:\nhapmongame\project\github\crazycat\crazycat\crazycatgame\debug\vc120.pdb
e:\nhapmongame\project\github\crazycat\crazycat\crazycatgame\debug\vc120.idb
e:\nhapmongame\project\github\crazycat\crazycat\crazycatgame\debug\gamemenu.obj
e:\nhapmongame\project\github\crazycat\crazycat\crazycatgame\debug\gameobject.obj
e:\nhapmongame\project\github\crazycat\crazycat\crazycatgame\debug\ghost.obj
e:\nhapmongame\project\github\crazycat\crazycat\crazycatgame\debug\giftbox.obj
e:\nhapmongame\project\github\crazycat\crazycat\crazycatgame\debug\helpmgt.obj
e:\nhapmongame\project\github\crazycat\crazycat\crazycatgame\debug\keyboard.obj
e:\nhapmongame\project\github\crazycat\crazycat\crazycatgame\debug\main.obj
e:\nhapmongame\project\github\crazycat\crazycat\crazycatgame\debug\map.obj
e:\nhapmongame\project\github\crazycat\crazycat\crazycatgame\debug\menubutton.obj
e:\nhapmongame\project\github\crazycat\crazycat\crazycatgame\debug\playmapmgt.obj
e:\nhapmongame\project\github\crazycat\crazycat\crazycatgame\debug\quadnode.obj
e:\nhapmongame\project\github\crazycat\crazycat\crazycatgame\debug\quadtree.obj
e:\nhapmongame\project\github\crazycat\crazycat\crazycatgame\debug\resourcemanager.obj
e:\nhapmongame\project\github\crazycat\crazycat\crazycatgame\debug\sprite.obj
e:\nhapmongame\project\github\crazycat\crazycat\crazycatgame\debug\spriteresource.obj
e:\nhapmongame\project\github\crazycat\crazycat\crazycatgame\debug\staticgameobject.obj
e:\nhapmongame\project\github\crazycat\crazycat\crazycatgame\debug\sweptaabb.obj
e:\nhapmongame\project\github\crazycat\crazycat\crazycatgame\debug\text.obj
e:\nhapmongame\project\github\crazycat\crazycat\crazycatgame\debug\tilebox.obj
e:\nhapmongame\project\github\crazycat\crazycat\crazycatgame\debug\utils.obj
e:\nhapmongame\project\github\crazycat\crazycat\crazycatgame\debug\bomb.obj
e:\nhapmongame\project\github\crazycat\crazycat\crazycatgame\debug\box.obj
e:\nhapmongame\project\github\crazycat\crazycat\crazycatgame\debug\brick.obj
e:\nhapmongame\project\github\crazycat\crazycat\crazycatgame\debug\camera.obj
e:\nhapmongame\project\github\crazycat\crazycat\crazycatgame\debug\character.obj
e:\nhapmongame\project\github\crazycat\crazycat\crazycatgame\debug\collision.obj
e:\nhapmongame\project\github\crazycat\crazycat\crazycatgame\debug\crazycat.obj
e:\nhapmongame\project\github\crazycat\crazycat\crazycatgame\debug\directx.obj
e:\nhapmongame\project\github\crazycat\crazycat\crazycatgame\debug\dynamicgameobject.obj
e:\nhapmongame\project\github\crazycat\crazycat\crazycatgame\debug\firebang.obj
e:\nhapmongame\project\github\crazycat\crazycat\crazycatgame\debug\game.obj
e:\nhapmongame\project\github\crazycat\crazycat\crazycatgame\debug\gamebar.obj
e:\nhapmongame\project\github\crazycat\crazycat\debug\crazycatgame.ilk
e:\nhapmongame\project\github\crazycat\crazycat\debug\crazycatgame.exe
e:\nhapmongame\project\github\crazycat\crazycat\debug\crazycatgame.pdb
e:\nhapmongame\project\github\crazycat\crazycat\crazycatgame\debug\crazycatgame.tlog\cl.command.1.tlog
e:\nhapmongame\project\github\crazycat\crazycat\crazycatgame\debug\crazycatgame.tlog\cl.read.1.tlog
e:\nhapmongame\project\github\crazycat\crazycat\crazycatgame\debug\crazycatgame.tlog\cl.write.1.tlog
e:\nhapmongame\project\github\crazycat\crazycat\crazycatgame\debug\crazycatgame.tlog\link.command.1.tlog
e:\nhapmongame\project\github\crazycat\crazycat\crazycatgame\debug\crazycatgame.tlog\link.read.1.tlog
e:\nhapmongame\project\github\crazycat\crazycat\crazycatgame\debug\crazycatgame.tlog\link.write.1.tlog
