Build started 14-Aug-16 9:33:43 AM.
     1>Project "E:\NhapMonGAME\Project\GoneCat\SuperMarioBros3\SuperMarioBros3DX\SuperMarioBros3DX.vcxproj" on node 3 (Build target(s)).
     1>C:\Program Files (x86)\MSBuild\Microsoft.Cpp\v4.0\V120\Microsoft.CppBuild.targets(388,5): warning MSB8028: The intermediate directory (Debug\) contains files shared from another project (SuperMarioBros3DX.vcxproj).  This can lead to incorrect clean and rebuild behavior.
     1>ClCompile:
         C:\Program Files (x86)\Microsoft Visual Studio 12.0\VC\bin\CL.exe /c /ZI /nologo /W3 /WX- /sdl /Od /Oy- /D WIN32 /D _DEBUG /D _CONSOLE /D _LIB /D _UNICODE /D UNICODE /Gm /EHsc /RTC1 /MDd /GS /fp:precise /Zc:wchar_t /Zc:forScope /Fo"Debug\\" /Fd"Debug\vc120.pdb" /Gd /TP /analyze- /errorReport:prompt Box.cpp Brick.cpp Camera.cpp Character.cpp Collision.cpp CrazyCat.cpp DirectX.cpp DynamicGameObject.cpp Game.cpp GameObject.cpp Keyboard.cpp Main.cpp Map.cpp Pallet.cpp QuadNode.cpp Sprite.cpp StaticGameObject.cpp Text.cpp Tile.cpp Utils.cpp
         Utils.cpp
         Tile.cpp
         Text.cpp
         StaticGameObject.cpp
     1>e:\nhapmongame\project\gonecat\supermariobros3\supermariobros3dx\gameobject.h(31): warning C4244: 'return' : conversion from 'float' to 'int', possible loss of data
     1>e:\nhapmongame\project\gonecat\supermariobros3\supermariobros3dx\gameobject.h(32): warning C4244: 'return' : conversion from 'float' to 'int', possible loss of data
         Sprite.cpp
     1>e:\nhapmongame\project\gonecat\supermariobros3\supermariobros3dx\sprite.cpp(57): warning C4244: 'argument' : conversion from 'int' to 'FLOAT', possible loss of data
         QuadNode.cpp
         Pallet.cpp
         Map.cpp
     1>e:\nhapmongame\project\gonecat\supermariobros3\supermariobros3dx\map.cpp(8): warning C4244: 'argument' : conversion from 'int' to 'float', possible loss of data
     1>e:\nhapmongame\project\gonecat\supermariobros3\supermariobros3dx\map.cpp(17): warning C4244: 'argument' : conversion from 'int' to 'float', possible loss of data
     1>e:\nhapmongame\project\gonecat\supermariobros3\supermariobros3dx\map.cpp(45): warning C4244: '=' : conversion from 'FLOAT' to 'LONG', possible loss of data
         Main.cpp
         c:\program files (x86)\microsoft directx sdk (june 2010)\include\dinput.h: DIRECTINPUT_VERSION undefined. Defaulting to version 0x0800
     1>e:\nhapmongame\project\gonecat\supermariobros3\supermariobros3dx\utils.h(18): warning C4005: 'SAFE_DELETE' : macro redefinition
                 e:\nhapmongame\project\gonecat\supermariobros3\supermariobros3dx\const.h(5) : see previous definition of 'SAFE_DELETE'
     1>e:\nhapmongame\project\gonecat\supermariobros3\supermariobros3dx\utils.h(19): warning C4005: 'SAFE_DELETE_ARRAY' : macro redefinition
                 e:\nhapmongame\project\gonecat\supermariobros3\supermariobros3dx\const.h(6) : see previous definition of 'SAFE_DELETE_ARRAY'
     1>e:\nhapmongame\project\gonecat\supermariobros3\supermariobros3dx\utils.h(20): warning C4005: 'SAFE_RELEASE' : macro redefinition
                 e:\nhapmongame\project\gonecat\supermariobros3\supermariobros3dx\const.h(4) : see previous definition of 'SAFE_RELEASE'
     1>e:\nhapmongame\project\gonecat\supermariobros3\supermariobros3dx\const.h(4): warning C4005: 'SAFE_RELEASE' : macro redefinition
                 e:\nhapmongame\project\gonecat\supermariobros3\supermariobros3dx\utils.h(20) : see previous definition of 'SAFE_RELEASE'
     1>e:\nhapmongame\project\gonecat\supermariobros3\supermariobros3dx\const.h(5): warning C4005: 'SAFE_DELETE' : macro redefinition
                 e:\nhapmongame\project\gonecat\supermariobros3\supermariobros3dx\utils.h(18) : see previous definition of 'SAFE_DELETE'
     1>e:\nhapmongame\project\gonecat\supermariobros3\supermariobros3dx\const.h(6): warning C4005: 'SAFE_DELETE_ARRAY' : macro redefinition
                 e:\nhapmongame\project\gonecat\supermariobros3\supermariobros3dx\utils.h(19) : see previous definition of 'SAFE_DELETE_ARRAY'
     1>e:\nhapmongame\project\gonecat\supermariobros3\supermariobros3dx\gameobject.h(31): warning C4244: 'return' : conversion from 'float' to 'int', possible loss of data
     1>e:\nhapmongame\project\gonecat\supermariobros3\supermariobros3dx\gameobject.h(32): warning C4244: 'return' : conversion from 'float' to 'int', possible loss of data
         Keyboard.cpp
         c:\program files (x86)\microsoft directx sdk (june 2010)\include\dinput.h: DIRECTINPUT_VERSION undefined. Defaulting to version 0x0800
         GameObject.cpp
     1>e:\nhapmongame\project\gonecat\supermariobros3\supermariobros3dx\gameobject.h(31): warning C4244: 'return' : conversion from 'float' to 'int', possible loss of data
     1>e:\nhapmongame\project\gonecat\supermariobros3\supermariobros3dx\gameobject.h(32): warning C4244: 'return' : conversion from 'float' to 'int', possible loss of data
         Game.cpp
         c:\program files (x86)\microsoft directx sdk (june 2010)\include\dinput.h: DIRECTINPUT_VERSION undefined. Defaulting to version 0x0800
         DynamicGameObject.cpp
     1>e:\nhapmongame\project\gonecat\supermariobros3\supermariobros3dx\gameobject.h(31): warning C4244: 'return' : conversion from 'float' to 'int', possible loss of data
     1>e:\nhapmongame\project\gonecat\supermariobros3\supermariobros3dx\gameobject.h(32): warning C4244: 'return' : conversion from 'float' to 'int', possible loss of data
     1>e:\nhapmongame\project\gonecat\supermariobros3\supermariobros3dx\dynamicgameobject.cpp(12): warning C4244: 'argument' : conversion from 'float' to 'int', possible loss of data
     1>e:\nhapmongame\project\gonecat\supermariobros3\supermariobros3dx\dynamicgameobject.cpp(41): warning C4244: 'argument' : conversion from 'float' to 'int', possible loss of data
         DirectX.cpp
         CrazyCat.cpp
         c:\program files (x86)\microsoft directx sdk (june 2010)\include\dinput.h: DIRECTINPUT_VERSION undefined. Defaulting to version 0x0800
     1>e:\nhapmongame\project\gonecat\supermariobros3\supermariobros3dx\utils.h(18): warning C4005: 'SAFE_DELETE' : macro redefinition
                 e:\nhapmongame\project\gonecat\supermariobros3\supermariobros3dx\const.h(5) : see previous definition of 'SAFE_DELETE'
     1>e:\nhapmongame\project\gonecat\supermariobros3\supermariobros3dx\utils.h(19): warning C4005: 'SAFE_DELETE_ARRAY' : macro redefinition
                 e:\nhapmongame\project\gonecat\supermariobros3\supermariobros3dx\const.h(6) : see previous definition of 'SAFE_DELETE_ARRAY'
     1>e:\nhapmongame\project\gonecat\supermariobros3\supermariobros3dx\utils.h(20): warning C4005: 'SAFE_RELEASE' : macro redefinition
                 e:\nhapmongame\project\gonecat\supermariobros3\supermariobros3dx\const.h(4) : see previous definition of 'SAFE_RELEASE'
     1>e:\nhapmongame\project\gonecat\supermariobros3\supermariobros3dx\const.h(4): warning C4005: 'SAFE_RELEASE' : macro redefinition
                 e:\nhapmongame\project\gonecat\supermariobros3\supermariobros3dx\utils.h(20) : see previous definition of 'SAFE_RELEASE'
     1>e:\nhapmongame\project\gonecat\supermariobros3\supermariobros3dx\const.h(5): warning C4005: 'SAFE_DELETE' : macro redefinition
                 e:\nhapmongame\project\gonecat\supermariobros3\supermariobros3dx\utils.h(18) : see previous definition of 'SAFE_DELETE'
     1>e:\nhapmongame\project\gonecat\supermariobros3\supermariobros3dx\const.h(6): warning C4005: 'SAFE_DELETE_ARRAY' : macro redefinition
                 e:\nhapmongame\project\gonecat\supermariobros3\supermariobros3dx\utils.h(19) : see previous definition of 'SAFE_DELETE_ARRAY'
     1>e:\nhapmongame\project\gonecat\supermariobros3\supermariobros3dx\gameobject.h(31): warning C4244: 'return' : conversion from 'float' to 'int', possible loss of data
     1>e:\nhapmongame\project\gonecat\supermariobros3\supermariobros3dx\gameobject.h(32): warning C4244: 'return' : conversion from 'float' to 'int', possible loss of data
     1>e:\nhapmongame\project\gonecat\supermariobros3\supermariobros3dx\crazycat.cpp(74): warning C4244: 'argument' : conversion from 'LONG' to 'FLOAT', possible loss of data
     1>e:\nhapmongame\project\gonecat\supermariobros3\supermariobros3dx\crazycat.cpp(75): warning C4244: 'argument' : conversion from 'int' to 'FLOAT', possible loss of data
     1>e:\nhapmongame\project\gonecat\supermariobros3\supermariobros3dx\crazycat.cpp(77): warning C4244: '=' : conversion from 'FLOAT' to 'LONG', possible loss of data
     1>e:\nhapmongame\project\gonecat\supermariobros3\supermariobros3dx\crazycat.cpp(78): warning C4244: '=' : conversion from 'FLOAT' to 'LONG', possible loss of data
     1>e:\nhapmongame\project\gonecat\supermariobros3\supermariobros3dx\crazycat.cpp(95): warning C4244: 'initializing' : conversion from 'FLOAT' to 'int', possible loss of data
     1>e:\nhapmongame\project\gonecat\supermariobros3\supermariobros3dx\crazycat.cpp(97): warning C4244: 'initializing' : conversion from 'FLOAT' to 'int', possible loss of data
     1>e:\nhapmongame\project\gonecat\supermariobros3\supermariobros3dx\crazycat.cpp(107): warning C4244: 'argument' : conversion from 'int' to 'FLOAT', possible loss of data
         Collision.cpp
         Character.cpp
     1>e:\nhapmongame\project\gonecat\supermariobros3\supermariobros3dx\gameobject.h(31): warning C4244: 'return' : conversion from 'float' to 'int', possible loss of data
     1>e:\nhapmongame\project\gonecat\supermariobros3\supermariobros3dx\gameobject.h(32): warning C4244: 'return' : conversion from 'float' to 'int', possible loss of data
     1>e:\nhapmongame\project\gonecat\supermariobros3\supermariobros3dx\character.cpp(6): warning C4244: '=' : conversion from 'int' to 'float', possible loss of data
     1>e:\nhapmongame\project\gonecat\supermariobros3\supermariobros3dx\character.cpp(57): warning C4244: '=' : conversion from 'float' to 'int', possible loss of data
     1>e:\nhapmongame\project\gonecat\supermariobros3\supermariobros3dx\character.cpp(89): warning C4244: '=' : conversion from 'int' to 'float', possible loss of data
     1>e:\nhapmongame\project\gonecat\supermariobros3\supermariobros3dx\character.cpp(125): warning C4244: '=' : conversion from 'int' to 'float', possible loss of data
     1>e:\nhapmongame\project\gonecat\supermariobros3\supermariobros3dx\character.cpp(179): warning C4244: 'initializing' : conversion from 'float' to 'int', possible loss of data
     1>e:\nhapmongame\project\gonecat\supermariobros3\supermariobros3dx\character.cpp(185): warning C4244: '=' : conversion from 'int' to 'float', possible loss of data
     1>e:\nhapmongame\project\gonecat\supermariobros3\supermariobros3dx\character.cpp(414): warning C4244: 'argument' : conversion from 'float' to 'int', possible loss of data
     1>e:\nhapmongame\project\gonecat\supermariobros3\supermariobros3dx\character.cpp(418): warning C4244: 'argument' : conversion from 'float' to 'int', possible loss of data
     1>e:\nhapmongame\project\gonecat\supermariobros3\supermariobros3dx\character.cpp(423): warning C4244: 'argument' : conversion from 'float' to 'int', possible loss of data
     1>e:\nhapmongame\project\gonecat\supermariobros3\supermariobros3dx\character.cpp(425): warning C4244: 'argument' : conversion from 'float' to 'int', possible loss of data
     1>e:\nhapmongame\project\gonecat\supermariobros3\supermariobros3dx\character.cpp(431): warning C4244: 'argument' : conversion from 'float' to 'int', possible loss of data
     1>e:\nhapmongame\project\gonecat\supermariobros3\supermariobros3dx\character.cpp(435): warning C4244: 'argument' : conversion from 'float' to 'int', possible loss of data
     1>e:\nhapmongame\project\gonecat\supermariobros3\supermariobros3dx\character.cpp(440): warning C4244: 'argument' : conversion from 'float' to 'int', possible loss of data
     1>e:\nhapmongame\project\gonecat\supermariobros3\supermariobros3dx\character.cpp(442): warning C4244: 'argument' : conversion from 'float' to 'int', possible loss of data
     1>e:\nhapmongame\project\gonecat\supermariobros3\supermariobros3dx\character.cpp(448): warning C4244: 'argument' : conversion from 'float' to 'int', possible loss of data
     1>e:\nhapmongame\project\gonecat\supermariobros3\supermariobros3dx\character.cpp(452): warning C4244: 'argument' : conversion from 'float' to 'int', possible loss of data
     1>e:\nhapmongame\project\gonecat\supermariobros3\supermariobros3dx\character.cpp(457): warning C4244: 'argument' : conversion from 'float' to 'int', possible loss of data
     1>e:\nhapmongame\project\gonecat\supermariobros3\supermariobros3dx\character.cpp(459): warning C4244: 'argument' : conversion from 'float' to 'int', possible loss of data
     1>e:\nhapmongame\project\gonecat\supermariobros3\supermariobros3dx\character.cpp(463): warning C4244: 'argument' : conversion from 'float' to 'int', possible loss of data
     1>e:\nhapmongame\project\gonecat\supermariobros3\supermariobros3dx\character.cpp(466): warning C4244: 'argument' : conversion from 'float' to 'int', possible loss of data
     1>e:\nhapmongame\project\gonecat\supermariobros3\supermariobros3dx\character.cpp(476): warning C4244: 'argument' : conversion from 'float' to 'int', possible loss of data
     1>e:\nhapmongame\project\gonecat\supermariobros3\supermariobros3dx\character.cpp(480): warning C4244: 'argument' : conversion from 'float' to 'int', possible loss of data
     1>e:\nhapmongame\project\gonecat\supermariobros3\supermariobros3dx\character.cpp(507): warning C4244: 'argument' : conversion from 'float' to 'int', possible loss of data
     1>e:\nhapmongame\project\gonecat\supermariobros3\supermariobros3dx\character.cpp(512): warning C4244: 'argument' : conversion from 'int' to 'float', possible loss of data
         Camera.cpp
     1>e:\nhapmongame\project\gonecat\supermariobros3\supermariobros3dx\camera.cpp(8): warning C4244: 'argument' : conversion from 'int' to 'FLOAT', possible loss of data
     1>e:\nhapmongame\project\gonecat\supermariobros3\supermariobros3dx\camera.cpp(59): warning C4244: '=' : conversion from 'FLOAT' to 'LONG', possible loss of data
     1>e:\nhapmongame\project\gonecat\supermariobros3\supermariobros3dx\camera.cpp(60): warning C4244: '=' : conversion from 'FLOAT' to 'LONG', possible loss of data
         Brick.cpp
     1>e:\nhapmongame\project\gonecat\supermariobros3\supermariobros3dx\gameobject.h(31): warning C4244: 'return' : conversion from 'float' to 'int', possible loss of data
     1>e:\nhapmongame\project\gonecat\supermariobros3\supermariobros3dx\gameobject.h(32): warning C4244: 'return' : conversion from 'float' to 'int', possible loss of data
         Box.cpp
     1>e:\nhapmongame\project\gonecat\supermariobros3\supermariobros3dx\box.cpp(40): warning C4244: '=' : conversion from 'float' to 'LONG', possible loss of data
     1>e:\nhapmongame\project\gonecat\supermariobros3\supermariobros3dx\box.cpp(41): warning C4244: '=' : conversion from 'float' to 'LONG', possible loss of data
     1>e:\nhapmongame\project\gonecat\supermariobros3\supermariobros3dx\box.cpp(42): warning C4244: '=' : conversion from 'float' to 'LONG', possible loss of data
     1>e:\nhapmongame\project\gonecat\supermariobros3\supermariobros3dx\box.cpp(43): warning C4244: '=' : conversion from 'float' to 'LONG', possible loss of data
         Generating Code...
       Link:
         C:\Program Files (x86)\Microsoft Visual Studio 12.0\VC\bin\link.exe /ERRORREPORT:PROMPT /OUT:"E:\NhapMonGAME\Project\GoneCat\SuperMarioBros3\Debug\CrazyCatGame.exe" /INCREMENTAL /NOLOGO d3d9.lib d3dx9.lib dxguid.lib dxerr.lib dinput8.lib kernel32.lib user32.lib gdi32.lib winspool.lib comdlg32.lib advapi32.lib shell32.lib ole32.lib oleaut32.lib uuid.lib odbc32.lib odbccp32.lib /MANIFEST /MANIFESTUAC:"level='asInvoker' uiAccess='false'" /manifest:embed /DEBUG /PDB:"E:\NhapMonGAME\Project\GoneCat\SuperMarioBros3\Debug\CrazyCatGame.pdb" /SUBSYSTEM:WINDOWS /TLBID:1 /DYNAMICBASE /NXCOMPAT /IMPLIB:"E:\NhapMonGAME\Project\GoneCat\SuperMarioBros3\Debug\CrazyCatGame.lib" /MACHINE:X86 Debug\Box.obj
         Debug\Brick.obj
         Debug\Camera.obj
         Debug\Character.obj
         Debug\Collision.obj
         Debug\CrazyCat.obj
         Debug\DirectX.obj
         Debug\DynamicGameObject.obj
         Debug\Game.obj
         Debug\GameObject.obj
         Debug\Keyboard.obj
         Debug\Main.obj
         Debug\Map.obj
         Debug\Pallet.obj
         Debug\QuadNode.obj
         Debug\Sprite.obj
         Debug\StaticGameObject.obj
         Debug\Text.obj
         Debug\Tile.obj
         Debug\Utils.obj
         SuperMarioBros3DX.vcxproj -> E:\NhapMonGAME\Project\GoneCat\SuperMarioBros3\Debug\CrazyCatGame.exe
     1>Done Building Project "E:\NhapMonGAME\Project\GoneCat\SuperMarioBros3\SuperMarioBros3DX\SuperMarioBros3DX.vcxproj" (Build target(s)).

Build succeeded.

Time Elapsed 00:00:34.47
