e:\nhapmongame\project\gonecat\supermariobros3\supermariobros3dx\debug\vc120.pdb
e:\nhapmongame\project\gonecat\supermariobros3\supermariobros3dx\debug\vc120.idb
e:\nhapmongame\project\gonecat\supermariobros3\supermariobros3dx\debug\box.obj
e:\nhapmongame\project\gonecat\supermariobros3\supermariobros3dx\debug\camera.obj
e:\nhapmongame\project\gonecat\supermariobros3\supermariobros3dx\debug\character.obj
e:\nhapmongame\project\gonecat\supermariobros3\supermariobros3dx\debug\collision.obj
e:\nhapmongame\project\gonecat\supermariobros3\supermariobros3dx\debug\directx.obj
e:\nhapmongame\project\gonecat\supermariobros3\supermariobros3dx\debug\dynamicgameobject.obj
e:\nhapmongame\project\gonecat\supermariobros3\supermariobros3dx\debug\game.obj
e:\nhapmongame\project\gonecat\supermariobros3\supermariobros3dx\debug\gameobject.obj
e:\nhapmongame\project\gonecat\supermariobros3\supermariobros3dx\debug\keyboard.obj
e:\nhapmongame\project\gonecat\supermariobros3\supermariobros3dx\debug\map.obj
e:\nhapmongame\project\gonecat\supermariobros3\supermariobros3dx\debug\sprite.obj
e:\nhapmongame\project\gonecat\supermariobros3\supermariobros3dx\debug\staticgameobject.obj
e:\nhapmongame\project\gonecat\supermariobros3\supermariobros3dx\debug\text.obj
e:\nhapmongame\project\gonecat\supermariobros3\supermariobros3dx\debug\tile.obj
e:\nhapmongame\project\gonecat\supermariobros3\supermariobros3dx\debug\utils.obj
e:\nhapmongame\project\gonecat\supermariobros3\supermariobros3dx\debug\main.obj
e:\nhapmongame\project\gonecat\supermariobros3\supermariobros3dx\debug\quadnode.obj
e:\nhapmongame\project\gonecat\supermariobros3\supermariobros3dx\debug\mario.obj
e:\nhapmongame\project\gonecat\supermariobros3\supermariobros3dx\debug\crazycat.obj
e:\nhapmongame\project\gonecat\supermariobros3\debug\supermariobros3dx.ilk
e:\nhapmongame\project\gonecat\supermariobros3\debug\supermariobros3dx.exe
e:\nhapmongame\project\gonecat\supermariobros3\debug\supermariobros3dx.pdb
e:\nhapmongame\project\gonecat\supermariobros3\supermariobros3dx\debug\supermar.d87f5ae7.tlog\cl.command.1.tlog
e:\nhapmongame\project\gonecat\supermariobros3\supermariobros3dx\debug\supermar.d87f5ae7.tlog\cl.read.1.tlog
e:\nhapmongame\project\gonecat\supermariobros3\supermariobros3dx\debug\supermar.d87f5ae7.tlog\cl.write.1.tlog
e:\nhapmongame\project\gonecat\supermariobros3\supermariobros3dx\debug\supermar.d87f5ae7.tlog\link.command.1.tlog
e:\nhapmongame\project\gonecat\supermariobros3\supermariobros3dx\debug\supermar.d87f5ae7.tlog\link.read.1.tlog
e:\nhapmongame\project\gonecat\supermariobros3\supermariobros3dx\debug\supermar.d87f5ae7.tlog\link.write.1.tlog
