e:\nhapmongame\project\github\boomgame\boomgame\boomgame\debug\vc120.pdb
e:\nhapmongame\project\github\boomgame\boomgame\boomgame\debug\vc120.idb
e:\nhapmongame\project\github\boomgame\boomgame\boomgame\debug\keyboard.obj
e:\nhapmongame\project\github\boomgame\boomgame\boomgame\debug\keygamebar.obj
e:\nhapmongame\project\github\boomgame\boomgame\boomgame\debug\main.obj
e:\nhapmongame\project\github\boomgame\boomgame\boomgame\debug\map.obj
e:\nhapmongame\project\github\boomgame\boomgame\boomgame\debug\menubutton.obj
e:\nhapmongame\project\github\boomgame\boomgame\boomgame\debug\playmapmgt.obj
e:\nhapmongame\project\github\boomgame\boomgame\boomgame\debug\quadnode.obj
e:\nhapmongame\project\github\boomgame\boomgame\boomgame\debug\quadtree.obj
e:\nhapmongame\project\github\boomgame\boomgame\boomgame\debug\resourcemanager.obj
e:\nhapmongame\project\github\boomgame\boomgame\boomgame\debug\sound.obj
e:\nhapmongame\project\github\boomgame\boomgame\boomgame\debug\soundmanager.obj
e:\nhapmongame\project\github\boomgame\boomgame\boomgame\debug\soundresource.obj
e:\nhapmongame\project\github\boomgame\boomgame\boomgame\debug\sprite.obj
e:\nhapmongame\project\github\boomgame\boomgame\boomgame\debug\spriteresource.obj
e:\nhapmongame\project\github\boomgame\boomgame\boomgame\debug\staticgameobject.obj
e:\nhapmongame\project\github\boomgame\boomgame\boomgame\debug\sweptaabb.obj
e:\nhapmongame\project\github\boomgame\boomgame\boomgame\debug\text.obj
e:\nhapmongame\project\github\boomgame\boomgame\boomgame\debug\tilebox.obj
e:\nhapmongame\project\github\boomgame\boomgame\boomgame\debug\timegamebar.obj
e:\nhapmongame\project\github\boomgame\boomgame\boomgame\debug\utils.obj
e:\nhapmongame\project\github\boomgame\boomgame\boomgame\debug\bomb.obj
e:\nhapmongame\project\github\boomgame\boomgame\boomgame\debug\box.obj
e:\nhapmongame\project\github\boomgame\boomgame\boomgame\debug\brick.obj
e:\nhapmongame\project\github\boomgame\boomgame\boomgame\debug\camera.obj
e:\nhapmongame\project\github\boomgame\boomgame\boomgame\debug\character.obj
e:\nhapmongame\project\github\boomgame\boomgame\boomgame\debug\collision.obj
e:\nhapmongame\project\github\boomgame\boomgame\boomgame\debug\crazycat.obj
e:\nhapmongame\project\github\boomgame\boomgame\boomgame\debug\directx.obj
e:\nhapmongame\project\github\boomgame\boomgame\boomgame\debug\doorobject.obj
e:\nhapmongame\project\github\boomgame\boomgame\boomgame\debug\dsutil.obj
e:\nhapmongame\project\github\boomgame\boomgame\boomgame\debug\dynamicgameobject.obj
e:\nhapmongame\project\github\boomgame\boomgame\boomgame\debug\firebang.obj
e:\nhapmongame\project\github\boomgame\boomgame\boomgame\debug\game.obj
e:\nhapmongame\project\github\boomgame\boomgame\boomgame\debug\gamebar.obj
e:\nhapmongame\project\github\boomgame\boomgame\boomgame\debug\gamemenu.obj
e:\nhapmongame\project\github\boomgame\boomgame\boomgame\debug\gameobject.obj
e:\nhapmongame\project\github\boomgame\boomgame\boomgame\debug\ghost.obj
e:\nhapmongame\project\github\boomgame\boomgame\boomgame\debug\giftbox.obj
e:\nhapmongame\project\github\boomgame\boomgame\boomgame\debug\helpmgt.obj
e:\nhapmongame\project\github\boomgame\boomgame\debug\boomgame.ilk
e:\nhapmongame\project\github\boomgame\boomgame\debug\boomgame.exe
e:\nhapmongame\project\github\boomgame\boomgame\debug\boomgame.pdb
e:\nhapmongame\project\github\boomgame\boomgame\boomgame\debug\boomgame.tlog\cl.command.1.tlog
e:\nhapmongame\project\github\boomgame\boomgame\boomgame\debug\boomgame.tlog\cl.read.1.tlog
e:\nhapmongame\project\github\boomgame\boomgame\boomgame\debug\boomgame.tlog\cl.write.1.tlog
e:\nhapmongame\project\github\boomgame\boomgame\boomgame\debug\boomgame.tlog\link.command.1.tlog
e:\nhapmongame\project\github\boomgame\boomgame\boomgame\debug\boomgame.tlog\link.read.1.tlog
e:\nhapmongame\project\github\boomgame\boomgame\boomgame\debug\boomgame.tlog\link.write.1.tlog
